<?xml version="1.0" encoding="UTF-8"?>
<!-- Generated by org.testng.reporters.JUnitXMLReporter -->
<testsuite ignored="0" hostname="LAPTOP-GECF6TIB" failures="0" tests="3" name="Default test" time="0.092" errors="0" timestamp="2024-05-06T13:24:14 IST">
  <testcase classname="StreamsTutorial" name="streamCollect" time="0.012"/>
  <testcase classname="StreamsTutorial" name="streamFilter" time="0.006"/>
  <testcase classname="StreamsTutorial" name="streamMap" time="0.004"/>
</testsuite> <!-- Default test -->
