<?xml version="1.0" encoding="UTF-8"?>
<testng-results ignored="0" total="3" passed="3" failed="0" skipped="0">
  <reporter-output>
  </reporter-output>
  <suite started-at="2024-05-06T13:24:14 IST" name="Default suite" finished-at="2024-05-06T13:24:14 IST" duration-ms="92">
    <groups>
    </groups>
    <test started-at="2024-05-06T13:24:14 IST" name="Default test" finished-at="2024-05-06T13:24:14 IST" duration-ms="92">
      <class name="StreamsTutorial">
        <test-method signature="streamCollect()[pri:0, instance:StreamsTutorial@53aac487]" started-at="2024-05-06T13:24:14 IST" name="streamCollect" finished-at="2024-05-06T13:24:14 IST" duration-ms="12" status="PASS">
          <reporter-output>
          </reporter-output>
        </test-method> <!-- streamCollect -->
        <test-method signature="streamFilter()[pri:0, instance:StreamsTutorial@53aac487]" started-at="2024-05-06T13:24:14 IST" name="streamFilter" finished-at="2024-05-06T13:24:14 IST" duration-ms="6" status="PASS">
          <reporter-output>
          </reporter-output>
        </test-method> <!-- streamFilter -->
        <test-method signature="streamMap()[pri:0, instance:StreamsTutorial@53aac487]" started-at="2024-05-06T13:24:14 IST" name="streamMap" finished-at="2024-05-06T13:24:14 IST" duration-ms="4" status="PASS">
          <reporter-output>
          </reporter-output>
        </test-method> <!-- streamMap -->
      </class> <!-- StreamsTutorial -->
    </test> <!-- Default test -->
  </suite> <!-- Default suite -->
</testng-results>
